<?xml version="1.0" encoding="UTF-8"?>
<robot generator="Robot 4.1 (Python 3.9.6 on win32)" generated="20210904 23:42:26.434" rpa="false" schemaversion="2">
<suite id="s1" name="CreateCharacters" source="C:\Users\dougl\OneDrive\Área de Trabalho\HC\Marvel-api\specs\CreateCharacters.robot">
<kw name="Run Keywords" library="BuiltIn" type="SETUP">
<arg>Set Client Key</arg>
<arg>douglacs@gmail.com</arg>
<arg>AND</arg>
<arg>Back To The Past</arg>
<doc>Executes all the given keywords in a sequence.</doc>
<kw name="Set Client Key" library="Base">
<arg>douglacs@gmail.com</arg>
<kw name="Create Dictionary" library="BuiltIn">
<var>&amp;{usuario}</var>
<arg>email=${email}</arg>
<doc>Creates and returns a dictionary based on the given ``items``.</doc>
<msg timestamp="20210904 23:42:26.878" level="INFO">&amp;{usuario} = { email=douglacs@gmail.com }</msg>
<status status="PASS" starttime="20210904 23:42:26.877" endtime="20210904 23:42:26.878"/>
</kw>
<kw name="POST" library="RequestsLibrary">
<var>${response}</var>
<arg>${BASE_URI}/accounts</arg>
<arg>json=${usuario}</arg>
<doc>Sends a POST request.</doc>
<msg timestamp="20210904 23:42:27.559" level="INFO">POST Request : url=http://marvel.qaninja.academy/accounts 
 path_url=/accounts 
 headers={'User-Agent': 'python-requests/2.26.0', 'Accept-Encoding': 'gzip, deflate', 'Accept': '*/*', 'Connection': 'keep-alive', 'Content-Length': '31', 'Content-Type': 'application/json'} 
 body=b'{"email": "douglacs@gmail.com"}' 
 </msg>
<msg timestamp="20210904 23:42:27.559" level="INFO">POST Response : url=http://marvel.qaninja.academy/accounts 
 status=200, reason=OK 
 headers={'Server': 'Cowboy', 'Connection': 'keep-alive', 'X-Powered-By': 'Express', 'Access-Control-Allow-Origin': '*', 'Content-Type': 'application/json; charset=utf-8', 'Content-Length': '41', 'Etag': 'W/"29-orDMSWXtqnttM6BB+ZJnr1B9kbI"', 'Date': 'Sun, 05 Sep 2021 02:42:28 GMT', 'Via': '1.1 vegur'} 
 body={"client_key":"6132c2ed6af31f00169d49a6"} 
 </msg>
<msg timestamp="20210904 23:42:27.559" level="INFO">${response} = &lt;Response [200]&gt;</msg>
<status status="PASS" starttime="20210904 23:42:26.878" endtime="20210904 23:42:27.559"/>
</kw>
<kw name="Set Variable" library="BuiltIn">
<var>${client_key}</var>
<arg>${response.json()}[client_key]</arg>
<doc>Returns the given values which can then be assigned to a variables.</doc>
<msg timestamp="20210904 23:42:27.562" level="INFO">${client_key} = 6132c2ed6af31f00169d49a6</msg>
<status status="PASS" starttime="20210904 23:42:27.560" endtime="20210904 23:42:27.562"/>
</kw>
<kw name="Create Dictionary" library="BuiltIn">
<var>&amp;{HEADERS}</var>
<arg>client_key=${client_key}</arg>
<doc>Creates and returns a dictionary based on the given ``items``.</doc>
<msg timestamp="20210904 23:42:27.564" level="INFO">&amp;{HEADERS} = { client_key=6132c2ed6af31f00169d49a6 }</msg>
<status status="PASS" starttime="20210904 23:42:27.563" endtime="20210904 23:42:27.564"/>
</kw>
<kw name="Set Suite Variable" library="BuiltIn">
<arg>${HEADERS}</arg>
<doc>Makes a variable available everywhere within the scope of the current suite.</doc>
<msg timestamp="20210904 23:42:27.565" level="INFO">${HEADERS} = {'client_key': '6132c2ed6af31f00169d49a6'}</msg>
<status status="PASS" starttime="20210904 23:42:27.564" endtime="20210904 23:42:27.565"/>
</kw>
<status status="PASS" starttime="20210904 23:42:26.877" endtime="20210904 23:42:27.565"/>
</kw>
<kw name="Back To The Past" library="Base">
<kw name="DELETE" library="RequestsLibrary">
<arg>${BASE_URI}/delorean</arg>
<arg>headers=${HEADERS}</arg>
<doc>Sends a DELETE request.</doc>
<msg timestamp="20210904 23:42:27.830" level="INFO">DELETE Request : url=http://marvel.qaninja.academy/delorean 
 path_url=/delorean 
 headers={'User-Agent': 'python-requests/2.26.0', 'Accept-Encoding': 'gzip, deflate', 'Accept': '*/*', 'Connection': 'keep-alive', 'client_key': '6132c2ed6af31f00169d49a6', 'Content-Length': '0'} 
 body=None 
 </msg>
<msg timestamp="20210904 23:42:27.830" level="INFO">DELETE Response : url=http://marvel.qaninja.academy/delorean 
 status=200, reason=OK 
 headers={'Server': 'Cowboy', 'Connection': 'keep-alive', 'X-Powered-By': 'Express', 'Access-Control-Allow-Origin': '*', 'Content-Type': 'application/json; charset=utf-8', 'Content-Length': '31', 'Etag': 'W/"1f-ImqlboUfbv1n1FbEV48J/4RvhGg"', 'Date': 'Sun, 05 Sep 2021 02:42:28 GMT', 'Via': '1.1 vegur'} 
 body={"message":"Avengers Assemble"} 
 </msg>
<status status="PASS" starttime="20210904 23:42:27.565" endtime="20210904 23:42:27.830"/>
</kw>
<status status="PASS" starttime="20210904 23:42:27.565" endtime="20210904 23:42:27.831"/>
</kw>
<status status="PASS" starttime="20210904 23:42:26.877" endtime="20210904 23:42:27.831"/>
</kw>
<test id="s1-t1" name="Deve cadastrar um personagem">
<kw name="Factory Thanos" library="Thanos">
<var>${personagem}</var>
<msg timestamp="20210904 23:42:27.833" level="INFO">${personagem} = {'name': 'Thanos de Tita', 'aliases': 'Thanos', 'age': 3000, 'team': 'Ordem Negra', 'active': False}</msg>
<status status="PASS" starttime="20210904 23:42:27.832" endtime="20210904 23:42:27.833"/>
</kw>
<kw name="POST New Character" library="Characters">
<var>${response}</var>
<arg>${personagem}</arg>
<kw name="POST" library="RequestsLibrary">
<var>${response}</var>
<arg>${BASE_URI}/characters</arg>
<arg>json=${payload}</arg>
<arg>headers=${HEADERS}</arg>
<arg>expected_status=any</arg>
<doc>Sends a POST request.</doc>
<msg timestamp="20210904 23:42:28.097" level="INFO">POST Request : url=http://marvel.qaninja.academy/characters 
 path_url=/characters 
 headers={'User-Agent': 'python-requests/2.26.0', 'Accept-Encoding': 'gzip, deflate', 'Accept': '*/*', 'Connection': 'keep-alive', 'client_key': '6132c2ed6af31f00169d49a6', 'Content-Length': '100', 'Content-Type': 'application/json'} 
 body=b'{"name": "Thanos de Tita", "aliases": "Thanos", "age": 3000, "team": "Ordem Negra", "active": false}' 
 </msg>
<msg timestamp="20210904 23:42:28.097" level="INFO">POST Response : url=http://marvel.qaninja.academy/characters 
 status=200, reason=OK 
 headers={'Server': 'Cowboy', 'Connection': 'keep-alive', 'X-Powered-By': 'Express', 'Access-Control-Allow-Origin': '*', 'Content-Type': 'application/json; charset=utf-8', 'Content-Length': '159', 'Etag': 'W/"9f-D6YGLtEQ95aSDgtLS5E0zWyFRI4"', 'Date': 'Sun, 05 Sep 2021 02:42:28 GMT', 'Via': '1.1 vegur'} 
 body={"_id":"61342e94a382520016a4c055","name":"Thanos de Tita","age":3000,"aliases":"Thanos","team":"Ordem Negra","active":false,"owner":"6132c2ed6af31f00169d49a6"} 
 </msg>
<msg timestamp="20210904 23:42:28.097" level="INFO">${response} = &lt;Response [200]&gt;</msg>
<status status="PASS" starttime="20210904 23:42:27.835" endtime="20210904 23:42:28.097"/>
</kw>
<msg timestamp="20210904 23:42:28.098" level="INFO">${response} = &lt;Response [200]&gt;</msg>
<status status="PASS" starttime="20210904 23:42:27.834" endtime="20210904 23:42:28.098"/>
</kw>
<kw name="Status Should Be" library="RequestsLibrary">
<arg>200</arg>
<arg>${response}</arg>
<doc>Fails if response status code is different than the expected.</doc>
<status status="PASS" starttime="20210904 23:42:28.099" endtime="20210904 23:42:28.100"/>
</kw>
<status status="PASS" starttime="20210904 23:42:27.831" endtime="20210904 23:42:28.100"/>
</test>
<test id="s1-t2" name="Não deve cadastrar com o mesmo nome">
<kw name="Factory Deadpool" library="DeadPool">
<var>${personagem}</var>
<msg timestamp="20210904 23:42:28.104" level="INFO">${personagem} = {'name': 'Wade Wilson', 'aliases': 'Deadpool', 'age': 40, 'team': 'Ordem Negra', 'active': True}</msg>
<status status="PASS" starttime="20210904 23:42:28.104" endtime="20210904 23:42:28.105"/>
</kw>
<kw name="POST New Character" library="Characters">
<arg>${personagem}</arg>
<kw name="POST" library="RequestsLibrary">
<var>${response}</var>
<arg>${BASE_URI}/characters</arg>
<arg>json=${payload}</arg>
<arg>headers=${HEADERS}</arg>
<arg>expected_status=any</arg>
<doc>Sends a POST request.</doc>
<msg timestamp="20210904 23:42:28.364" level="INFO">POST Request : url=http://marvel.qaninja.academy/characters 
 path_url=/characters 
 headers={'User-Agent': 'python-requests/2.26.0', 'Accept-Encoding': 'gzip, deflate', 'Accept': '*/*', 'Connection': 'keep-alive', 'client_key': '6132c2ed6af31f00169d49a6', 'Content-Length': '96', 'Content-Type': 'application/json'} 
 body=b'{"name": "Wade Wilson", "aliases": "Deadpool", "age": 40, "team": "Ordem Negra", "active": true}' 
 </msg>
<msg timestamp="20210904 23:42:28.364" level="INFO">POST Response : url=http://marvel.qaninja.academy/characters 
 status=200, reason=OK 
 headers={'Server': 'Cowboy', 'Connection': 'keep-alive', 'X-Powered-By': 'Express', 'Access-Control-Allow-Origin': '*', 'Content-Type': 'application/json; charset=utf-8', 'Content-Length': '155', 'Etag': 'W/"9b-nuo8EjBLWD0Dj+VLU7OWcqAD9Gg"', 'Date': 'Sun, 05 Sep 2021 02:42:28 GMT', 'Via': '1.1 vegur'} 
 body={"_id":"61342e94a382520016a4c059","name":"Wade Wilson","age":40,"aliases":"Deadpool","team":"Ordem Negra","active":true,"owner":"6132c2ed6af31f00169d49a6"} 
 </msg>
<msg timestamp="20210904 23:42:28.364" level="INFO">${response} = &lt;Response [200]&gt;</msg>
<status status="PASS" starttime="20210904 23:42:28.106" endtime="20210904 23:42:28.364"/>
</kw>
<status status="PASS" starttime="20210904 23:42:28.105" endtime="20210904 23:42:28.365"/>
</kw>
<kw name="POST New Character" library="Characters">
<var>${response}</var>
<arg>${personagem}</arg>
<kw name="POST" library="RequestsLibrary">
<var>${response}</var>
<arg>${BASE_URI}/characters</arg>
<arg>json=${payload}</arg>
<arg>headers=${HEADERS}</arg>
<arg>expected_status=any</arg>
<doc>Sends a POST request.</doc>
<msg timestamp="20210904 23:42:28.625" level="INFO">POST Request : url=http://marvel.qaninja.academy/characters 
 path_url=/characters 
 headers={'User-Agent': 'python-requests/2.26.0', 'Accept-Encoding': 'gzip, deflate', 'Accept': '*/*', 'Connection': 'keep-alive', 'client_key': '6132c2ed6af31f00169d49a6', 'Content-Length': '96', 'Content-Type': 'application/json'} 
 body=b'{"name": "Wade Wilson", "aliases": "Deadpool", "age": 40, "team": "Ordem Negra", "active": true}' 
 </msg>
<msg timestamp="20210904 23:42:28.626" level="INFO">POST Response : url=http://marvel.qaninja.academy/characters 
 status=409, reason=Conflict 
 headers={'Server': 'Cowboy', 'Connection': 'keep-alive', 'X-Powered-By': 'Express', 'Access-Control-Allow-Origin': '*', 'Content-Type': 'application/json; charset=utf-8', 'Content-Length': '39', 'Etag': 'W/"27-u8CjYCAAYHK/l+EQR0JyKi0LQGU"', 'Date': 'Sun, 05 Sep 2021 02:42:29 GMT', 'Via': '1.1 vegur'} 
 body={"error":"Character already exists :("} 
 </msg>
<msg timestamp="20210904 23:42:28.626" level="INFO">${response} = &lt;Response [409]&gt;</msg>
<status status="PASS" starttime="20210904 23:42:28.367" endtime="20210904 23:42:28.626"/>
</kw>
<msg timestamp="20210904 23:42:28.627" level="INFO">${response} = &lt;Response [409]&gt;</msg>
<status status="PASS" starttime="20210904 23:42:28.366" endtime="20210904 23:42:28.627"/>
</kw>
<kw name="Status Should Be" library="RequestsLibrary">
<arg>409</arg>
<arg>${response}</arg>
<doc>Fails if response status code is different than the expected.</doc>
<status status="PASS" starttime="20210904 23:42:28.628" endtime="20210904 23:42:28.629"/>
</kw>
<kw name="Should Be Equal" library="BuiltIn">
<arg>${response.json()}[error]</arg>
<arg>Character already exists :(</arg>
<doc>Fails if the given objects are unequal.</doc>
<status status="PASS" starttime="20210904 23:42:28.630" endtime="20210904 23:42:28.631"/>
</kw>
<status status="PASS" starttime="20210904 23:42:28.102" endtime="20210904 23:42:28.631"/>
</test>
<doc>Suite de Testes marvel</doc>
<status status="PASS" starttime="20210904 23:42:26.436" endtime="20210904 23:42:28.633"/>
</suite>
<statistics>
<total>
<stat pass="2" fail="0" skip="0">All Tests</stat>
</total>
<tag>
</tag>
<suite>
<stat pass="2" fail="0" skip="0" id="s1" name="CreateCharacters">CreateCharacters</stat>
</suite>
</statistics>
<errors>
</errors>
</robot>
