<?xml version="1.0" encoding="UTF-8"?>
<robot generator="Robot 4.1 (Python 3.9.6 on win32)" generated="20210905 12:09:00.087" rpa="false" schemaversion="2">
<suite id="s1" name="CreateCharacters" source="C:\Users\dougl\OneDrive\Área de Trabalho\HC\Marvel-api\specs\CreateCharacters.robot">
<kw name="Super Setup" library="Base" type="SETUP">
<arg>douglacs@gmail.com</arg>
<kw name="Set Client Key" library="Base">
<arg>${email}</arg>
<kw name="Create Dictionary" library="BuiltIn">
<var>&amp;{usuario}</var>
<arg>email=${email}</arg>
<doc>Creates and returns a dictionary based on the given ``items``.</doc>
<msg timestamp="20210905 12:09:00.917" level="INFO">&amp;{usuario} = { email=douglacs@gmail.com }</msg>
<status status="PASS" starttime="20210905 12:09:00.915" endtime="20210905 12:09:00.917"/>
</kw>
<kw name="POST" library="RequestsLibrary">
<var>${response}</var>
<arg>${BASE_URI}/accounts</arg>
<arg>json=${usuario}</arg>
<doc>Sends a POST request.</doc>
<msg timestamp="20210905 12:09:01.587" level="INFO">POST Request : url=http://marvel.qaninja.academy/accounts 
 path_url=/accounts 
 headers={'User-Agent': 'python-requests/2.26.0', 'Accept-Encoding': 'gzip, deflate', 'Accept': '*/*', 'Connection': 'keep-alive', 'Content-Length': '31', 'Content-Type': 'application/json'} 
 body=b'{"email": "douglacs@gmail.com"}' 
 </msg>
<msg timestamp="20210905 12:09:01.588" level="INFO">POST Response : url=http://marvel.qaninja.academy/accounts 
 status=200, reason=OK 
 headers={'Server': 'Cowboy', 'Connection': 'keep-alive', 'X-Powered-By': 'Express', 'Access-Control-Allow-Origin': '*', 'Content-Type': 'application/json; charset=utf-8', 'Content-Length': '41', 'Etag': 'W/"29-orDMSWXtqnttM6BB+ZJnr1B9kbI"', 'Date': 'Sun, 05 Sep 2021 15:09:01 GMT', 'Via': '1.1 vegur'} 
 body={"client_key":"6132c2ed6af31f00169d49a6"} 
 </msg>
<msg timestamp="20210905 12:09:01.588" level="INFO">${response} = &lt;Response [200]&gt;</msg>
<status status="PASS" starttime="20210905 12:09:00.918" endtime="20210905 12:09:01.588"/>
</kw>
<kw name="Set Variable" library="BuiltIn">
<var>${client_key}</var>
<arg>${response.json()}[client_key]</arg>
<doc>Returns the given values which can then be assigned to a variables.</doc>
<msg timestamp="20210905 12:09:01.591" level="INFO">${client_key} = 6132c2ed6af31f00169d49a6</msg>
<status status="PASS" starttime="20210905 12:09:01.589" endtime="20210905 12:09:01.591"/>
</kw>
<kw name="Create Dictionary" library="BuiltIn">
<var>&amp;{HEADERS}</var>
<arg>client_key=${client_key}</arg>
<doc>Creates and returns a dictionary based on the given ``items``.</doc>
<msg timestamp="20210905 12:09:01.593" level="INFO">&amp;{HEADERS} = { client_key=6132c2ed6af31f00169d49a6 }</msg>
<status status="PASS" starttime="20210905 12:09:01.592" endtime="20210905 12:09:01.593"/>
</kw>
<kw name="Set Suite Variable" library="BuiltIn">
<arg>${HEADERS}</arg>
<doc>Makes a variable available everywhere within the scope of the current suite.</doc>
<msg timestamp="20210905 12:09:01.595" level="INFO">${HEADERS} = {'client_key': '6132c2ed6af31f00169d49a6'}</msg>
<status status="PASS" starttime="20210905 12:09:01.594" endtime="20210905 12:09:01.595"/>
</kw>
<status status="PASS" starttime="20210905 12:09:00.914" endtime="20210905 12:09:01.595"/>
</kw>
<kw name="Back To The Past" library="Base">
<kw name="DELETE" library="RequestsLibrary">
<arg>${BASE_URI}/delorean</arg>
<arg>headers=${HEADERS}</arg>
<doc>Sends a DELETE request.</doc>
<msg timestamp="20210905 12:09:01.868" level="INFO">DELETE Request : url=http://marvel.qaninja.academy/delorean 
 path_url=/delorean 
 headers={'User-Agent': 'python-requests/2.26.0', 'Accept-Encoding': 'gzip, deflate', 'Accept': '*/*', 'Connection': 'keep-alive', 'client_key': '6132c2ed6af31f00169d49a6', 'Content-Length': '0'} 
 body=None 
 </msg>
<msg timestamp="20210905 12:09:01.868" level="INFO">DELETE Response : url=http://marvel.qaninja.academy/delorean 
 status=200, reason=OK 
 headers={'Server': 'Cowboy', 'Connection': 'keep-alive', 'X-Powered-By': 'Express', 'Access-Control-Allow-Origin': '*', 'Content-Type': 'application/json; charset=utf-8', 'Content-Length': '31', 'Etag': 'W/"1f-ImqlboUfbv1n1FbEV48J/4RvhGg"', 'Date': 'Sun, 05 Sep 2021 15:09:02 GMT', 'Via': '1.1 vegur'} 
 body={"message":"Avengers Assemble"} 
 </msg>
<status status="PASS" starttime="20210905 12:09:01.596" endtime="20210905 12:09:01.868"/>
</kw>
<status status="PASS" starttime="20210905 12:09:01.596" endtime="20210905 12:09:01.869"/>
</kw>
<status status="PASS" starttime="20210905 12:09:00.913" endtime="20210905 12:09:01.869"/>
</kw>
<test id="s1-t1" name="Deve cadastrar um personagem">
<kw name="Factory Star Lord" library="Guardians">
<var>${personagem}</var>
<msg timestamp="20210905 12:09:01.871" level="INFO">${personagem} = {'name': 'Peter Quill', 'aliases': 'Star Lord', 'age': 30, 'team': 'Guardians of the Galaxy', 'active': True}</msg>
<status status="PASS" starttime="20210905 12:09:01.871" endtime="20210905 12:09:01.872"/>
</kw>
<kw name="POST New Character" library="Characters">
<var>${response}</var>
<arg>${personagem}</arg>
<kw name="POST" library="RequestsLibrary">
<var>${response}</var>
<arg>${BASE_URI}/characters</arg>
<arg>json=${payload}</arg>
<arg>headers=${HEADERS}</arg>
<arg>expected_status=any</arg>
<doc>Sends a POST request.</doc>
<msg timestamp="20210905 12:09:02.181" level="INFO">POST Request : url=http://marvel.qaninja.academy/characters 
 path_url=/characters 
 headers={'User-Agent': 'python-requests/2.26.0', 'Accept-Encoding': 'gzip, deflate', 'Accept': '*/*', 'Connection': 'keep-alive', 'client_key': '6132c2ed6af31f00169d49a6', 'Content-Length': '109', 'Content-Type': 'application/json'} 
 body=b'{"name": "Peter Quill", "aliases": "Star Lord", "age": 30, "team": "Guardians of the Galaxy", "active": true}' 
 </msg>
<msg timestamp="20210905 12:09:02.181" level="INFO">POST Response : url=http://marvel.qaninja.academy/characters 
 status=200, reason=OK 
 headers={'Server': 'Cowboy', 'Connection': 'keep-alive', 'X-Powered-By': 'Express', 'Access-Control-Allow-Origin': '*', 'Content-Type': 'application/json; charset=utf-8', 'Content-Length': '168', 'Etag': 'W/"a8-ZvLzigTUU1LN2GBPK9fuiQseLz4"', 'Date': 'Sun, 05 Sep 2021 15:09:02 GMT', 'Via': '1.1 vegur'} 
 body={"_id":"6134dd8eca5c82001601c868","name":"Peter Quill","age":30,"aliases":"Star Lord","team":"Guardians of the Galaxy","active":true,"owner":"6132c2ed6af31f00169d49a6"} 
 </msg>
<msg timestamp="20210905 12:09:02.181" level="INFO">${response} = &lt;Response [200]&gt;</msg>
<status status="PASS" starttime="20210905 12:09:01.873" endtime="20210905 12:09:02.181"/>
</kw>
<msg timestamp="20210905 12:09:02.182" level="INFO">${response} = &lt;Response [200]&gt;</msg>
<status status="PASS" starttime="20210905 12:09:01.872" endtime="20210905 12:09:02.182"/>
</kw>
<kw name="Status Should Be" library="RequestsLibrary">
<arg>200</arg>
<arg>${response}</arg>
<doc>Fails if response status code is different than the expected.</doc>
<status status="PASS" starttime="20210905 12:09:02.183" endtime="20210905 12:09:02.184"/>
</kw>
<status status="PASS" starttime="20210905 12:09:01.869" endtime="20210905 12:09:02.185"/>
</test>
<test id="s1-t2" name="Não deve cadastrar com o mesmo nome">
<kw name="Factory Groot" library="Guardians">
<var>${personagem}</var>
<msg timestamp="20210905 12:09:02.189" level="INFO">${personagem} = {'name': 'Groot', 'aliases': 'Groot', 'age': 300, 'team': 'Guardians of the Galaxy', 'active': True}</msg>
<status status="PASS" starttime="20210905 12:09:02.189" endtime="20210905 12:09:02.189"/>
</kw>
<kw name="POST New Character" library="Characters">
<arg>${personagem}</arg>
<kw name="POST" library="RequestsLibrary">
<var>${response}</var>
<arg>${BASE_URI}/characters</arg>
<arg>json=${payload}</arg>
<arg>headers=${HEADERS}</arg>
<arg>expected_status=any</arg>
<doc>Sends a POST request.</doc>
<msg timestamp="20210905 12:09:02.456" level="INFO">POST Request : url=http://marvel.qaninja.academy/characters 
 path_url=/characters 
 headers={'User-Agent': 'python-requests/2.26.0', 'Accept-Encoding': 'gzip, deflate', 'Accept': '*/*', 'Connection': 'keep-alive', 'client_key': '6132c2ed6af31f00169d49a6', 'Content-Length': '100', 'Content-Type': 'application/json'} 
 body=b'{"name": "Groot", "aliases": "Groot", "age": 300, "team": "Guardians of the Galaxy", "active": true}' 
 </msg>
<msg timestamp="20210905 12:09:02.456" level="INFO">POST Response : url=http://marvel.qaninja.academy/characters 
 status=200, reason=OK 
 headers={'Server': 'Cowboy', 'Connection': 'keep-alive', 'X-Powered-By': 'Express', 'Access-Control-Allow-Origin': '*', 'Content-Type': 'application/json; charset=utf-8', 'Content-Length': '159', 'Etag': 'W/"9f-Xd1RkMpINcA/v8Uy9/gCwCddyUg"', 'Date': 'Sun, 05 Sep 2021 15:09:02 GMT', 'Via': '1.1 vegur'} 
 body={"_id":"6134dd8eca5c82001601c86c","name":"Groot","age":300,"aliases":"Groot","team":"Guardians of the Galaxy","active":true,"owner":"6132c2ed6af31f00169d49a6"} 
 </msg>
<msg timestamp="20210905 12:09:02.456" level="INFO">${response} = &lt;Response [200]&gt;</msg>
<status status="PASS" starttime="20210905 12:09:02.192" endtime="20210905 12:09:02.457"/>
</kw>
<status status="PASS" starttime="20210905 12:09:02.190" endtime="20210905 12:09:02.457"/>
</kw>
<kw name="POST New Character" library="Characters">
<var>${response}</var>
<arg>${personagem}</arg>
<kw name="POST" library="RequestsLibrary">
<var>${response}</var>
<arg>${BASE_URI}/characters</arg>
<arg>json=${payload}</arg>
<arg>headers=${HEADERS}</arg>
<arg>expected_status=any</arg>
<doc>Sends a POST request.</doc>
<msg timestamp="20210905 12:09:02.755" level="INFO">POST Request : url=http://marvel.qaninja.academy/characters 
 path_url=/characters 
 headers={'User-Agent': 'python-requests/2.26.0', 'Accept-Encoding': 'gzip, deflate', 'Accept': '*/*', 'Connection': 'keep-alive', 'client_key': '6132c2ed6af31f00169d49a6', 'Content-Length': '100', 'Content-Type': 'application/json'} 
 body=b'{"name": "Groot", "aliases": "Groot", "age": 300, "team": "Guardians of the Galaxy", "active": true}' 
 </msg>
<msg timestamp="20210905 12:09:02.755" level="INFO">POST Response : url=http://marvel.qaninja.academy/characters 
 status=409, reason=Conflict 
 headers={'Server': 'Cowboy', 'Connection': 'keep-alive', 'X-Powered-By': 'Express', 'Access-Control-Allow-Origin': '*', 'Content-Type': 'application/json; charset=utf-8', 'Content-Length': '39', 'Etag': 'W/"27-u8CjYCAAYHK/l+EQR0JyKi0LQGU"', 'Date': 'Sun, 05 Sep 2021 15:09:03 GMT', 'Via': '1.1 vegur'} 
 body={"error":"Character already exists :("} 
 </msg>
<msg timestamp="20210905 12:09:02.756" level="INFO">${response} = &lt;Response [409]&gt;</msg>
<status status="PASS" starttime="20210905 12:09:02.459" endtime="20210905 12:09:02.756"/>
</kw>
<msg timestamp="20210905 12:09:02.756" level="INFO">${response} = &lt;Response [409]&gt;</msg>
<status status="PASS" starttime="20210905 12:09:02.458" endtime="20210905 12:09:02.756"/>
</kw>
<kw name="Status Should Be" library="RequestsLibrary">
<arg>409</arg>
<arg>${response}</arg>
<doc>Fails if response status code is different than the expected.</doc>
<status status="PASS" starttime="20210905 12:09:02.757" endtime="20210905 12:09:02.758"/>
</kw>
<kw name="Should Be Equal" library="BuiltIn">
<arg>${response.json()}[error]</arg>
<arg>Character already exists :(</arg>
<doc>Fails if the given objects are unequal.</doc>
<status status="PASS" starttime="20210905 12:09:02.759" endtime="20210905 12:09:02.762"/>
</kw>
<status status="PASS" starttime="20210905 12:09:02.187" endtime="20210905 12:09:02.763"/>
</test>
<doc>Suite de Testes marvel</doc>
<status status="PASS" starttime="20210905 12:09:00.091" endtime="20210905 12:09:02.767"/>
</suite>
<statistics>
<total>
<stat pass="2" fail="0" skip="0">All Tests</stat>
</total>
<tag>
</tag>
<suite>
<stat pass="2" fail="0" skip="0" id="s1" name="CreateCharacters">CreateCharacters</stat>
</suite>
</statistics>
<errors>
</errors>
</robot>
