<?xml version="1.0" encoding="UTF-8"?>
<robot generator="Robot 4.1 (Python 3.9.6 on win32)" generated="20210905 20:02:29.309" rpa="false" schemaversion="2">
<suite id="s1" name="Specs" source="C:\Users\dougl\OneDrive\Área de Trabalho\HC\Marvel-api\specs">
<suite id="s1-s1" name="CreateCharacters" source="C:\Users\dougl\OneDrive\Área de Trabalho\HC\Marvel-api\specs\CreateCharacters.robot">
<kw name="Super Setup" library="Base" type="SETUP">
<arg>douglacs@gmail.com</arg>
<kw name="Set Client Key" library="Base">
<arg>${email}</arg>
<kw name="Create Dictionary" library="BuiltIn">
<var>&amp;{usuario}</var>
<arg>email=${email}</arg>
<doc>Creates and returns a dictionary based on the given ``items``.</doc>
<msg timestamp="20210905 20:02:29.773" level="INFO">&amp;{usuario} = { email=douglacs@gmail.com }</msg>
<status status="PASS" starttime="20210905 20:02:29.772" endtime="20210905 20:02:29.773"/>
</kw>
<kw name="POST" library="RequestsLibrary">
<var>${response}</var>
<arg>${BASE_URI}/accounts</arg>
<arg>json=${usuario}</arg>
<doc>Sends a POST request.</doc>
<msg timestamp="20210905 20:02:30.078" level="INFO">POST Request : url=http://marvel.qaninja.academy/accounts 
 path_url=/accounts 
 headers={'User-Agent': 'python-requests/2.26.0', 'Accept-Encoding': 'gzip, deflate', 'Accept': '*/*', 'Connection': 'keep-alive', 'Content-Length': '31', 'Content-Type': 'application/json'} 
 body=b'{"email": "douglacs@gmail.com"}' 
 </msg>
<msg timestamp="20210905 20:02:30.078" level="INFO">POST Response : url=http://marvel.qaninja.academy/accounts 
 status=200, reason=OK 
 headers={'Server': 'Cowboy', 'Connection': 'keep-alive', 'X-Powered-By': 'Express', 'Access-Control-Allow-Origin': '*', 'Content-Type': 'application/json; charset=utf-8', 'Content-Length': '41', 'Etag': 'W/"29-orDMSWXtqnttM6BB+ZJnr1B9kbI"', 'Date': 'Sun, 05 Sep 2021 23:02:30 GMT', 'Via': '1.1 vegur'} 
 body={"client_key":"6132c2ed6af31f00169d49a6"} 
 </msg>
<msg timestamp="20210905 20:02:30.078" level="INFO">${response} = &lt;Response [200]&gt;</msg>
<status status="PASS" starttime="20210905 20:02:29.775" endtime="20210905 20:02:30.078"/>
</kw>
<kw name="Set Variable" library="BuiltIn">
<var>${client_key}</var>
<arg>${response.json()}[client_key]</arg>
<doc>Returns the given values which can then be assigned to a variables.</doc>
<msg timestamp="20210905 20:02:30.082" level="INFO">${client_key} = 6132c2ed6af31f00169d49a6</msg>
<status status="PASS" starttime="20210905 20:02:30.080" endtime="20210905 20:02:30.082"/>
</kw>
<kw name="Create Dictionary" library="BuiltIn">
<var>&amp;{HEADERS}</var>
<arg>client_key=${client_key}</arg>
<doc>Creates and returns a dictionary based on the given ``items``.</doc>
<msg timestamp="20210905 20:02:30.090" level="INFO">&amp;{HEADERS} = { client_key=6132c2ed6af31f00169d49a6 }</msg>
<status status="PASS" starttime="20210905 20:02:30.089" endtime="20210905 20:02:30.090"/>
</kw>
<kw name="Set Suite Variable" library="BuiltIn">
<arg>${HEADERS}</arg>
<doc>Makes a variable available everywhere within the scope of the current suite.</doc>
<msg timestamp="20210905 20:02:30.092" level="INFO">${HEADERS} = {'client_key': '6132c2ed6af31f00169d49a6'}</msg>
<status status="PASS" starttime="20210905 20:02:30.091" endtime="20210905 20:02:30.093"/>
</kw>
<status status="PASS" starttime="20210905 20:02:29.772" endtime="20210905 20:02:30.094"/>
</kw>
<kw name="Back To The Past" library="Base">
<kw name="DELETE" library="RequestsLibrary">
<arg>${BASE_URI}/delorean</arg>
<arg>headers=${HEADERS}</arg>
<doc>Sends a DELETE request.</doc>
<msg timestamp="20210905 20:02:30.332" level="INFO">DELETE Request : url=http://marvel.qaninja.academy/delorean 
 path_url=/delorean 
 headers={'User-Agent': 'python-requests/2.26.0', 'Accept-Encoding': 'gzip, deflate', 'Accept': '*/*', 'Connection': 'keep-alive', 'client_key': '6132c2ed6af31f00169d49a6', 'Content-Length': '0'} 
 body=None 
 </msg>
<msg timestamp="20210905 20:02:30.332" level="INFO">DELETE Response : url=http://marvel.qaninja.academy/delorean 
 status=200, reason=OK 
 headers={'Server': 'Cowboy', 'Connection': 'keep-alive', 'X-Powered-By': 'Express', 'Access-Control-Allow-Origin': '*', 'Content-Type': 'application/json; charset=utf-8', 'Content-Length': '31', 'Etag': 'W/"1f-ImqlboUfbv1n1FbEV48J/4RvhGg"', 'Date': 'Sun, 05 Sep 2021 23:02:30 GMT', 'Via': '1.1 vegur'} 
 body={"message":"Avengers Assemble"} 
 </msg>
<status status="PASS" starttime="20210905 20:02:30.095" endtime="20210905 20:02:30.333"/>
</kw>
<status status="PASS" starttime="20210905 20:02:30.095" endtime="20210905 20:02:30.336"/>
</kw>
<status status="PASS" starttime="20210905 20:02:29.771" endtime="20210905 20:02:30.337"/>
</kw>
<test id="s1-s1-t1" name="Deve cadastrar um personagem">
<kw name="Factory Star Lord" library="Guardians">
<var>${personagem}</var>
<msg timestamp="20210905 20:02:30.342" level="INFO">${personagem} = {'name': 'Peter Quill', 'aliases': 'Star Lord', 'age': 30, 'team': 'Guardians of the Galaxy', 'active': True}</msg>
<status status="PASS" starttime="20210905 20:02:30.340" endtime="20210905 20:02:30.342"/>
</kw>
<kw name="POST New Character" library="Characters">
<var>${response}</var>
<arg>${personagem}</arg>
<kw name="POST" library="RequestsLibrary">
<var>${response}</var>
<arg>${BASE_URI}/characters</arg>
<arg>json=${payload}</arg>
<arg>headers=${HEADERS}</arg>
<arg>expected_status=any</arg>
<doc>Sends a POST request.</doc>
<msg timestamp="20210905 20:02:30.585" level="INFO">POST Request : url=http://marvel.qaninja.academy/characters 
 path_url=/characters 
 headers={'User-Agent': 'python-requests/2.26.0', 'Accept-Encoding': 'gzip, deflate', 'Accept': '*/*', 'Connection': 'keep-alive', 'client_key': '6132c2ed6af31f00169d49a6', 'Content-Length': '109', 'Content-Type': 'application/json'} 
 body=b'{"name": "Peter Quill", "aliases": "Star Lord", "age": 30, "team": "Guardians of the Galaxy", "active": true}' 
 </msg>
<msg timestamp="20210905 20:02:30.585" level="INFO">POST Response : url=http://marvel.qaninja.academy/characters 
 status=200, reason=OK 
 headers={'Server': 'Cowboy', 'Connection': 'keep-alive', 'X-Powered-By': 'Express', 'Access-Control-Allow-Origin': '*', 'Content-Type': 'application/json; charset=utf-8', 'Content-Length': '168', 'Etag': 'W/"a8-rfYrpFPWK/ocaWNTS0QBqbUAWFM"', 'Date': 'Sun, 05 Sep 2021 23:02:31 GMT', 'Via': '1.1 vegur'} 
 body={"_id":"61354c87ca5c82001601d530","name":"Peter Quill","age":30,"aliases":"Star Lord","team":"Guardians of the Galaxy","active":true,"owner":"6132c2ed6af31f00169d49a6"} 
 </msg>
<msg timestamp="20210905 20:02:30.585" level="INFO">${response} = &lt;Response [200]&gt;</msg>
<status status="PASS" starttime="20210905 20:02:30.345" endtime="20210905 20:02:30.586"/>
</kw>
<msg timestamp="20210905 20:02:30.589" level="INFO">${response} = &lt;Response [200]&gt;</msg>
<status status="PASS" starttime="20210905 20:02:30.344" endtime="20210905 20:02:30.589"/>
</kw>
<kw name="Status Should Be" library="RequestsLibrary">
<arg>200</arg>
<arg>${response}</arg>
<doc>Fails if response status code is different than the expected.</doc>
<status status="PASS" starttime="20210905 20:02:30.594" endtime="20210905 20:02:30.596"/>
</kw>
<status status="PASS" starttime="20210905 20:02:30.338" endtime="20210905 20:02:30.598"/>
</test>
<test id="s1-s1-t2" name="Não deve cadastrar com o mesmo nome">
<kw name="Factory Groot" library="Guardians">
<var>${personagem}</var>
<msg timestamp="20210905 20:02:30.608" level="INFO">${personagem} = {'name': 'Groot', 'aliases': 'Groot', 'age': 300, 'team': 'Guardians of the Galaxy', 'active': True}</msg>
<status status="PASS" starttime="20210905 20:02:30.608" endtime="20210905 20:02:30.608"/>
</kw>
<kw name="POST New Character" library="Characters">
<arg>${personagem}</arg>
<kw name="POST" library="RequestsLibrary">
<var>${response}</var>
<arg>${BASE_URI}/characters</arg>
<arg>json=${payload}</arg>
<arg>headers=${HEADERS}</arg>
<arg>expected_status=any</arg>
<doc>Sends a POST request.</doc>
<msg timestamp="20210905 20:02:30.851" level="INFO">POST Request : url=http://marvel.qaninja.academy/characters 
 path_url=/characters 
 headers={'User-Agent': 'python-requests/2.26.0', 'Accept-Encoding': 'gzip, deflate', 'Accept': '*/*', 'Connection': 'keep-alive', 'client_key': '6132c2ed6af31f00169d49a6', 'Content-Length': '100', 'Content-Type': 'application/json'} 
 body=b'{"name": "Groot", "aliases": "Groot", "age": 300, "team": "Guardians of the Galaxy", "active": true}' 
 </msg>
<msg timestamp="20210905 20:02:30.851" level="INFO">POST Response : url=http://marvel.qaninja.academy/characters 
 status=200, reason=OK 
 headers={'Server': 'Cowboy', 'Connection': 'keep-alive', 'X-Powered-By': 'Express', 'Access-Control-Allow-Origin': '*', 'Content-Type': 'application/json; charset=utf-8', 'Content-Length': '159', 'Etag': 'W/"9f-jKWE9EQzcAjgDMm5HK6N8oVbLA4"', 'Date': 'Sun, 05 Sep 2021 23:02:31 GMT', 'Via': '1.1 vegur'} 
 body={"_id":"61354c87ca5c82001601d534","name":"Groot","age":300,"aliases":"Groot","team":"Guardians of the Galaxy","active":true,"owner":"6132c2ed6af31f00169d49a6"} 
 </msg>
<msg timestamp="20210905 20:02:30.852" level="INFO">${response} = &lt;Response [200]&gt;</msg>
<status status="PASS" starttime="20210905 20:02:30.612" endtime="20210905 20:02:30.852"/>
</kw>
<status status="PASS" starttime="20210905 20:02:30.611" endtime="20210905 20:02:30.855"/>
</kw>
<kw name="POST New Character" library="Characters">
<var>${response}</var>
<arg>${personagem}</arg>
<kw name="POST" library="RequestsLibrary">
<var>${response}</var>
<arg>${BASE_URI}/characters</arg>
<arg>json=${payload}</arg>
<arg>headers=${HEADERS}</arg>
<arg>expected_status=any</arg>
<doc>Sends a POST request.</doc>
<msg timestamp="20210905 20:02:31.099" level="INFO">POST Request : url=http://marvel.qaninja.academy/characters 
 path_url=/characters 
 headers={'User-Agent': 'python-requests/2.26.0', 'Accept-Encoding': 'gzip, deflate', 'Accept': '*/*', 'Connection': 'keep-alive', 'client_key': '6132c2ed6af31f00169d49a6', 'Content-Length': '100', 'Content-Type': 'application/json'} 
 body=b'{"name": "Groot", "aliases": "Groot", "age": 300, "team": "Guardians of the Galaxy", "active": true}' 
 </msg>
<msg timestamp="20210905 20:02:31.099" level="INFO">POST Response : url=http://marvel.qaninja.academy/characters 
 status=409, reason=Conflict 
 headers={'Server': 'Cowboy', 'Connection': 'keep-alive', 'X-Powered-By': 'Express', 'Access-Control-Allow-Origin': '*', 'Content-Type': 'application/json; charset=utf-8', 'Content-Length': '39', 'Etag': 'W/"27-u8CjYCAAYHK/l+EQR0JyKi0LQGU"', 'Date': 'Sun, 05 Sep 2021 23:02:31 GMT', 'Via': '1.1 vegur'} 
 body={"error":"Character already exists :("} 
 </msg>
<msg timestamp="20210905 20:02:31.100" level="INFO">${response} = &lt;Response [409]&gt;</msg>
<status status="PASS" starttime="20210905 20:02:30.858" endtime="20210905 20:02:31.100"/>
</kw>
<msg timestamp="20210905 20:02:31.103" level="INFO">${response} = &lt;Response [409]&gt;</msg>
<status status="PASS" starttime="20210905 20:02:30.856" endtime="20210905 20:02:31.103"/>
</kw>
<kw name="Status Should Be" library="RequestsLibrary">
<arg>409</arg>
<arg>${response}</arg>
<doc>Fails if response status code is different than the expected.</doc>
<status status="PASS" starttime="20210905 20:02:31.107" endtime="20210905 20:02:31.108"/>
</kw>
<kw name="Should Be Equal" library="BuiltIn">
<arg>${response.json()}[error]</arg>
<arg>Character already exists :(</arg>
<doc>Fails if the given objects are unequal.</doc>
<status status="PASS" starttime="20210905 20:02:31.110" endtime="20210905 20:02:31.111"/>
</kw>
<status status="PASS" starttime="20210905 20:02:30.607" endtime="20210905 20:02:31.112"/>
</test>
<doc>Suite de Testes marvel</doc>
<status status="PASS" starttime="20210905 20:02:29.422" endtime="20210905 20:02:31.117"/>
</suite>
<suite id="s1-s2" name="RemoveCharacters" source="C:\Users\dougl\OneDrive\Área de Trabalho\HC\Marvel-api\specs\RemoveCharacters.robot">
<kw name="Super Setup" library="Base" type="SETUP">
<arg>douglacs@gmail.com</arg>
<kw name="Set Client Key" library="Base">
<arg>${email}</arg>
<kw name="Create Dictionary" library="BuiltIn">
<var>&amp;{usuario}</var>
<arg>email=${email}</arg>
<doc>Creates and returns a dictionary based on the given ``items``.</doc>
<msg timestamp="20210905 20:02:31.144" level="INFO">&amp;{usuario} = { email=douglacs@gmail.com }</msg>
<status status="PASS" starttime="20210905 20:02:31.144" endtime="20210905 20:02:31.144"/>
</kw>
<kw name="POST" library="RequestsLibrary">
<var>${response}</var>
<arg>${BASE_URI}/accounts</arg>
<arg>json=${usuario}</arg>
<doc>Sends a POST request.</doc>
<msg timestamp="20210905 20:02:31.375" level="INFO">POST Request : url=http://marvel.qaninja.academy/accounts 
 path_url=/accounts 
 headers={'User-Agent': 'python-requests/2.26.0', 'Accept-Encoding': 'gzip, deflate', 'Accept': '*/*', 'Connection': 'keep-alive', 'Content-Length': '31', 'Content-Type': 'application/json'} 
 body=b'{"email": "douglacs@gmail.com"}' 
 </msg>
<msg timestamp="20210905 20:02:31.375" level="INFO">POST Response : url=http://marvel.qaninja.academy/accounts 
 status=200, reason=OK 
 headers={'Server': 'Cowboy', 'Connection': 'keep-alive', 'X-Powered-By': 'Express', 'Access-Control-Allow-Origin': '*', 'Content-Type': 'application/json; charset=utf-8', 'Content-Length': '41', 'Etag': 'W/"29-orDMSWXtqnttM6BB+ZJnr1B9kbI"', 'Date': 'Sun, 05 Sep 2021 23:02:31 GMT', 'Via': '1.1 vegur'} 
 body={"client_key":"6132c2ed6af31f00169d49a6"} 
 </msg>
<msg timestamp="20210905 20:02:31.376" level="INFO">${response} = &lt;Response [200]&gt;</msg>
<status status="PASS" starttime="20210905 20:02:31.145" endtime="20210905 20:02:31.376"/>
</kw>
<kw name="Set Variable" library="BuiltIn">
<var>${client_key}</var>
<arg>${response.json()}[client_key]</arg>
<doc>Returns the given values which can then be assigned to a variables.</doc>
<msg timestamp="20210905 20:02:31.381" level="INFO">${client_key} = 6132c2ed6af31f00169d49a6</msg>
<status status="PASS" starttime="20210905 20:02:31.379" endtime="20210905 20:02:31.381"/>
</kw>
<kw name="Create Dictionary" library="BuiltIn">
<var>&amp;{HEADERS}</var>
<arg>client_key=${client_key}</arg>
<doc>Creates and returns a dictionary based on the given ``items``.</doc>
<msg timestamp="20210905 20:02:31.386" level="INFO">&amp;{HEADERS} = { client_key=6132c2ed6af31f00169d49a6 }</msg>
<status status="PASS" starttime="20210905 20:02:31.384" endtime="20210905 20:02:31.386"/>
</kw>
<kw name="Set Suite Variable" library="BuiltIn">
<arg>${HEADERS}</arg>
<doc>Makes a variable available everywhere within the scope of the current suite.</doc>
<msg timestamp="20210905 20:02:31.390" level="INFO">${HEADERS} = {'client_key': '6132c2ed6af31f00169d49a6'}</msg>
<status status="PASS" starttime="20210905 20:02:31.389" endtime="20210905 20:02:31.390"/>
</kw>
<status status="PASS" starttime="20210905 20:02:31.143" endtime="20210905 20:02:31.392"/>
</kw>
<kw name="Back To The Past" library="Base">
<kw name="DELETE" library="RequestsLibrary">
<arg>${BASE_URI}/delorean</arg>
<arg>headers=${HEADERS}</arg>
<doc>Sends a DELETE request.</doc>
<msg timestamp="20210905 20:02:31.628" level="INFO">DELETE Request : url=http://marvel.qaninja.academy/delorean 
 path_url=/delorean 
 headers={'User-Agent': 'python-requests/2.26.0', 'Accept-Encoding': 'gzip, deflate', 'Accept': '*/*', 'Connection': 'keep-alive', 'client_key': '6132c2ed6af31f00169d49a6', 'Content-Length': '0'} 
 body=None 
 </msg>
<msg timestamp="20210905 20:02:31.628" level="INFO">DELETE Response : url=http://marvel.qaninja.academy/delorean 
 status=200, reason=OK 
 headers={'Server': 'Cowboy', 'Connection': 'keep-alive', 'X-Powered-By': 'Express', 'Access-Control-Allow-Origin': '*', 'Content-Type': 'application/json; charset=utf-8', 'Content-Length': '31', 'Etag': 'W/"1f-ImqlboUfbv1n1FbEV48J/4RvhGg"', 'Date': 'Sun, 05 Sep 2021 23:02:32 GMT', 'Via': '1.1 vegur'} 
 body={"message":"Avengers Assemble"} 
 </msg>
<status status="PASS" starttime="20210905 20:02:31.393" endtime="20210905 20:02:31.629"/>
</kw>
<status status="PASS" starttime="20210905 20:02:31.393" endtime="20210905 20:02:31.630"/>
</kw>
<status status="PASS" starttime="20210905 20:02:31.142" endtime="20210905 20:02:31.631"/>
</kw>
<test id="s1-s2-t1" name="Deve remover um personagem pelo ID">
<kw name="Factory Ciclope" library="Xmen">
<var>${personagem}</var>
<msg timestamp="20210905 20:02:31.632" level="INFO">${personagem} = {'name': 'Ciclope', 'age': 25, 'aliases': 'Ciclope', 'team': 'Xman', 'active': True}</msg>
<status status="PASS" starttime="20210905 20:02:31.632" endtime="20210905 20:02:31.632"/>
</kw>
<kw name="POST New Character" library="Characters">
<var>${ciclope}</var>
<arg>${personagem}</arg>
<kw name="POST" library="RequestsLibrary">
<var>${response}</var>
<arg>${BASE_URI}/characters</arg>
<arg>json=${payload}</arg>
<arg>headers=${HEADERS}</arg>
<arg>expected_status=any</arg>
<doc>Sends a POST request.</doc>
<msg timestamp="20210905 20:02:31.874" level="INFO">POST Request : url=http://marvel.qaninja.academy/characters 
 path_url=/characters 
 headers={'User-Agent': 'python-requests/2.26.0', 'Accept-Encoding': 'gzip, deflate', 'Accept': '*/*', 'Connection': 'keep-alive', 'client_key': '6132c2ed6af31f00169d49a6', 'Content-Length': '84', 'Content-Type': 'application/json'} 
 body=b'{"name": "Ciclope", "age": 25, "aliases": "Ciclope", "team": "Xman", "active": true}' 
 </msg>
<msg timestamp="20210905 20:02:31.874" level="INFO">POST Response : url=http://marvel.qaninja.academy/characters 
 status=200, reason=OK 
 headers={'Server': 'Cowboy', 'Connection': 'keep-alive', 'X-Powered-By': 'Express', 'Access-Control-Allow-Origin': '*', 'Content-Type': 'application/json; charset=utf-8', 'Content-Length': '143', 'Etag': 'W/"8f-loMonWyROeqDS6s4Ze4Zu4C6I3o"', 'Date': 'Sun, 05 Sep 2021 23:02:32 GMT', 'Via': '1.1 vegur'} 
 body={"_id":"61354c88ca5c82001601d53d","name":"Ciclope","age":25,"aliases":"Ciclope","team":"Xman","active":true,"owner":"6132c2ed6af31f00169d49a6"} 
 </msg>
<msg timestamp="20210905 20:02:31.874" level="INFO">${response} = &lt;Response [200]&gt;</msg>
<status status="PASS" starttime="20210905 20:02:31.635" endtime="20210905 20:02:31.874"/>
</kw>
<msg timestamp="20210905 20:02:31.877" level="INFO">${ciclope} = &lt;Response [200]&gt;</msg>
<status status="PASS" starttime="20210905 20:02:31.634" endtime="20210905 20:02:31.877"/>
</kw>
<kw name="Set Variable" library="BuiltIn">
<var>${ciclope_id}</var>
<arg>${ciclope.json()}[_id]</arg>
<doc>Returns the given values which can then be assigned to a variables.</doc>
<msg timestamp="20210905 20:02:31.884" level="INFO">${ciclope_id} = 61354c88ca5c82001601d53d</msg>
<status status="PASS" starttime="20210905 20:02:31.881" endtime="20210905 20:02:31.885"/>
</kw>
<kw name="DELETE Characters By ID" library="Characters">
<var>${response}</var>
<arg>${ciclope_id}</arg>
<kw name="DELETE" library="RequestsLibrary">
<var>${response}</var>
<arg>${BASE_URI}/characters/${character_id}</arg>
<arg>headers=${HEADERS}</arg>
<arg>expected_status=any</arg>
<doc>Sends a DELETE request.</doc>
<msg timestamp="20210905 20:02:32.129" level="INFO">DELETE Request : url=http://marvel.qaninja.academy/characters/61354c88ca5c82001601d53d 
 path_url=/characters/61354c88ca5c82001601d53d 
 headers={'User-Agent': 'python-requests/2.26.0', 'Accept-Encoding': 'gzip, deflate', 'Accept': '*/*', 'Connection': 'keep-alive', 'client_key': '6132c2ed6af31f00169d49a6', 'Content-Length': '0'} 
 body=None 
 </msg>
<msg timestamp="20210905 20:02:32.129" level="INFO">DELETE Response : url=http://marvel.qaninja.academy/characters/61354c88ca5c82001601d53d 
 status=204, reason=No Content 
 headers={'Server': 'Cowboy', 'Content-Length': '0', 'Connection': 'keep-alive', 'X-Powered-By': 'Express', 'Access-Control-Allow-Origin': '*', 'Date': 'Sun, 05 Sep 2021 23:02:32 GMT', 'Via': '1.1 vegur'} 
 body=None 
 </msg>
<msg timestamp="20210905 20:02:32.129" level="INFO">${response} = &lt;Response [204]&gt;</msg>
<status status="PASS" starttime="20210905 20:02:31.889" endtime="20210905 20:02:32.130"/>
</kw>
<msg timestamp="20210905 20:02:32.138" level="INFO">${response} = &lt;Response [204]&gt;</msg>
<status status="PASS" starttime="20210905 20:02:31.889" endtime="20210905 20:02:32.138"/>
</kw>
<kw name="Status Should Be" library="RequestsLibrary">
<arg>204</arg>
<arg>${response}</arg>
<doc>Fails if response status code is different than the expected.</doc>
<status status="PASS" starttime="20210905 20:02:32.143" endtime="20210905 20:02:32.144"/>
</kw>
<kw name="GET Characters By ID" library="Characters">
<var>${response2}</var>
<arg>${ciclope_id}</arg>
<kw name="GET" library="RequestsLibrary">
<var>${response}</var>
<arg>${BASE_URI}/characters/${character_id}</arg>
<arg>headers=${HEADERS}</arg>
<arg>expected_status=any</arg>
<doc>Sends a GET request.</doc>
<msg timestamp="20210905 20:02:32.379" level="INFO">GET Request : url=http://marvel.qaninja.academy/characters/61354c88ca5c82001601d53d 
 path_url=/characters/61354c88ca5c82001601d53d 
 headers={'User-Agent': 'python-requests/2.26.0', 'Accept-Encoding': 'gzip, deflate', 'Accept': '*/*', 'Connection': 'keep-alive', 'client_key': '6132c2ed6af31f00169d49a6'} 
 body=None 
 </msg>
<msg timestamp="20210905 20:02:32.379" level="INFO">GET Response : url=http://marvel.qaninja.academy/characters/61354c88ca5c82001601d53d 
 status=404, reason=Not Found 
 headers={'Server': 'Cowboy', 'Connection': 'keep-alive', 'X-Powered-By': 'Express', 'Access-Control-Allow-Origin': '*', 'Date': 'Sun, 05 Sep 2021 23:02:32 GMT', 'Content-Length': '0', 'Via': '1.1 vegur'} 
 body=None 
 </msg>
<msg timestamp="20210905 20:02:32.379" level="INFO">${response} = &lt;Response [404]&gt;</msg>
<status status="PASS" starttime="20210905 20:02:32.145" endtime="20210905 20:02:32.379"/>
</kw>
<msg timestamp="20210905 20:02:32.381" level="INFO">${response2} = &lt;Response [404]&gt;</msg>
<status status="PASS" starttime="20210905 20:02:32.145" endtime="20210905 20:02:32.381"/>
</kw>
<kw name="Status Should Be" library="RequestsLibrary">
<arg>404</arg>
<arg>${response2}</arg>
<doc>Fails if response status code is different than the expected.</doc>
<status status="PASS" starttime="20210905 20:02:32.383" endtime="20210905 20:02:32.384"/>
</kw>
<status status="PASS" starttime="20210905 20:02:31.631" endtime="20210905 20:02:32.385"/>
</test>
<test id="s1-s2-t2" name="Não Deve remover pelo ID">
<kw name="Get Unique Id" library="Helpers">
<var>${personagem_id}</var>
<msg timestamp="20210905 20:02:32.392" level="INFO">${personagem_id} = 61354c8894e23f18c8557dfc</msg>
<status status="PASS" starttime="20210905 20:02:32.392" endtime="20210905 20:02:32.392"/>
</kw>
<kw name="DELETE Characters By ID" library="Characters">
<var>${response}</var>
<arg>${personagem_id}</arg>
<kw name="DELETE" library="RequestsLibrary">
<var>${response}</var>
<arg>${BASE_URI}/characters/${character_id}</arg>
<arg>headers=${HEADERS}</arg>
<arg>expected_status=any</arg>
<doc>Sends a DELETE request.</doc>
<msg timestamp="20210905 20:02:32.632" level="INFO">DELETE Request : url=http://marvel.qaninja.academy/characters/61354c8894e23f18c8557dfc 
 path_url=/characters/61354c8894e23f18c8557dfc 
 headers={'User-Agent': 'python-requests/2.26.0', 'Accept-Encoding': 'gzip, deflate', 'Accept': '*/*', 'Connection': 'keep-alive', 'client_key': '6132c2ed6af31f00169d49a6', 'Content-Length': '0'} 
 body=None 
 </msg>
<msg timestamp="20210905 20:02:32.633" level="INFO">DELETE Response : url=http://marvel.qaninja.academy/characters/61354c8894e23f18c8557dfc 
 status=404, reason=Not Found 
 headers={'Server': 'Cowboy', 'Connection': 'keep-alive', 'X-Powered-By': 'Express', 'Access-Control-Allow-Origin': '*', 'Date': 'Sun, 05 Sep 2021 23:02:33 GMT', 'Content-Length': '0', 'Via': '1.1 vegur'} 
 body=None 
 </msg>
<msg timestamp="20210905 20:02:32.633" level="INFO">${response} = &lt;Response [404]&gt;</msg>
<status status="PASS" starttime="20210905 20:02:32.399" endtime="20210905 20:02:32.633"/>
</kw>
<msg timestamp="20210905 20:02:32.635" level="INFO">${response} = &lt;Response [404]&gt;</msg>
<status status="PASS" starttime="20210905 20:02:32.398" endtime="20210905 20:02:32.635"/>
</kw>
<kw name="Status Should Be" library="RequestsLibrary">
<arg>404</arg>
<arg>${response}</arg>
<doc>Fails if response status code is different than the expected.</doc>
<status status="PASS" starttime="20210905 20:02:32.637" endtime="20210905 20:02:32.638"/>
</kw>
<status status="PASS" starttime="20210905 20:02:32.391" endtime="20210905 20:02:32.638"/>
</test>
<doc>Suite de Testes de exclusão de personagens na API Marvel</doc>
<status status="PASS" starttime="20210905 20:02:31.130" endtime="20210905 20:02:32.645"/>
</suite>
<suite id="s1-s3" name="SearchCharacters" source="C:\Users\dougl\OneDrive\Área de Trabalho\HC\Marvel-api\specs\SearchCharacters.robot">
<kw name="Super Setup" library="Base" type="SETUP">
<arg>douglacs@gmail.com</arg>
<kw name="Set Client Key" library="Base">
<arg>${email}</arg>
<kw name="Create Dictionary" library="BuiltIn">
<var>&amp;{usuario}</var>
<arg>email=${email}</arg>
<doc>Creates and returns a dictionary based on the given ``items``.</doc>
<msg timestamp="20210905 20:02:32.668" level="INFO">&amp;{usuario} = { email=douglacs@gmail.com }</msg>
<status status="PASS" starttime="20210905 20:02:32.668" endtime="20210905 20:02:32.668"/>
</kw>
<kw name="POST" library="RequestsLibrary">
<var>${response}</var>
<arg>${BASE_URI}/accounts</arg>
<arg>json=${usuario}</arg>
<doc>Sends a POST request.</doc>
<msg timestamp="20210905 20:02:32.964" level="INFO">POST Request : url=http://marvel.qaninja.academy/accounts 
 path_url=/accounts 
 headers={'User-Agent': 'python-requests/2.26.0', 'Accept-Encoding': 'gzip, deflate', 'Accept': '*/*', 'Connection': 'keep-alive', 'Content-Length': '31', 'Content-Type': 'application/json'} 
 body=b'{"email": "douglacs@gmail.com"}' 
 </msg>
<msg timestamp="20210905 20:02:32.964" level="INFO">POST Response : url=http://marvel.qaninja.academy/accounts 
 status=200, reason=OK 
 headers={'Server': 'Cowboy', 'Connection': 'keep-alive', 'X-Powered-By': 'Express', 'Access-Control-Allow-Origin': '*', 'Content-Type': 'application/json; charset=utf-8', 'Content-Length': '41', 'Etag': 'W/"29-orDMSWXtqnttM6BB+ZJnr1B9kbI"', 'Date': 'Sun, 05 Sep 2021 23:02:33 GMT', 'Via': '1.1 vegur'} 
 body={"client_key":"6132c2ed6af31f00169d49a6"} 
 </msg>
<msg timestamp="20210905 20:02:32.964" level="INFO">${response} = &lt;Response [200]&gt;</msg>
<status status="PASS" starttime="20210905 20:02:32.670" endtime="20210905 20:02:32.964"/>
</kw>
<kw name="Set Variable" library="BuiltIn">
<var>${client_key}</var>
<arg>${response.json()}[client_key]</arg>
<doc>Returns the given values which can then be assigned to a variables.</doc>
<msg timestamp="20210905 20:02:32.967" level="INFO">${client_key} = 6132c2ed6af31f00169d49a6</msg>
<status status="PASS" starttime="20210905 20:02:32.966" endtime="20210905 20:02:32.967"/>
</kw>
<kw name="Create Dictionary" library="BuiltIn">
<var>&amp;{HEADERS}</var>
<arg>client_key=${client_key}</arg>
<doc>Creates and returns a dictionary based on the given ``items``.</doc>
<msg timestamp="20210905 20:02:32.973" level="INFO">&amp;{HEADERS} = { client_key=6132c2ed6af31f00169d49a6 }</msg>
<status status="PASS" starttime="20210905 20:02:32.971" endtime="20210905 20:02:32.973"/>
</kw>
<kw name="Set Suite Variable" library="BuiltIn">
<arg>${HEADERS}</arg>
<doc>Makes a variable available everywhere within the scope of the current suite.</doc>
<msg timestamp="20210905 20:02:32.975" level="INFO">${HEADERS} = {'client_key': '6132c2ed6af31f00169d49a6'}</msg>
<status status="PASS" starttime="20210905 20:02:32.974" endtime="20210905 20:02:32.975"/>
</kw>
<status status="PASS" starttime="20210905 20:02:32.667" endtime="20210905 20:02:32.977"/>
</kw>
<kw name="Back To The Past" library="Base">
<kw name="DELETE" library="RequestsLibrary">
<arg>${BASE_URI}/delorean</arg>
<arg>headers=${HEADERS}</arg>
<doc>Sends a DELETE request.</doc>
<msg timestamp="20210905 20:02:33.219" level="INFO">DELETE Request : url=http://marvel.qaninja.academy/delorean 
 path_url=/delorean 
 headers={'User-Agent': 'python-requests/2.26.0', 'Accept-Encoding': 'gzip, deflate', 'Accept': '*/*', 'Connection': 'keep-alive', 'client_key': '6132c2ed6af31f00169d49a6', 'Content-Length': '0'} 
 body=None 
 </msg>
<msg timestamp="20210905 20:02:33.220" level="INFO">DELETE Response : url=http://marvel.qaninja.academy/delorean 
 status=200, reason=OK 
 headers={'Server': 'Cowboy', 'Connection': 'keep-alive', 'X-Powered-By': 'Express', 'Access-Control-Allow-Origin': '*', 'Content-Type': 'application/json; charset=utf-8', 'Content-Length': '31', 'Etag': 'W/"1f-ImqlboUfbv1n1FbEV48J/4RvhGg"', 'Date': 'Sun, 05 Sep 2021 23:02:33 GMT', 'Via': '1.1 vegur'} 
 body={"message":"Avengers Assemble"} 
 </msg>
<status status="PASS" starttime="20210905 20:02:32.980" endtime="20210905 20:02:33.221"/>
</kw>
<status status="PASS" starttime="20210905 20:02:32.978" endtime="20210905 20:02:33.224"/>
</kw>
<status status="PASS" starttime="20210905 20:02:32.666" endtime="20210905 20:02:33.224"/>
</kw>
<test id="s1-s3-t1" name="Deve buscar um personagem pelo ID">
<kw name="Factory Logan" library="Xmen">
<var>${personagem}</var>
<msg timestamp="20210905 20:02:33.227" level="INFO">${personagem} = {'name': 'Logan', 'age': 100, 'aliases': 'Wolwerine', 'team': 'Xman', 'active': False, 'owner': '6132c2ed6af31f00169d49a6'}</msg>
<status status="PASS" starttime="20210905 20:02:33.226" endtime="20210905 20:02:33.227"/>
</kw>
<kw name="POST New Character" library="Characters">
<var>${logan}</var>
<arg>${personagem}</arg>
<kw name="POST" library="RequestsLibrary">
<var>${response}</var>
<arg>${BASE_URI}/characters</arg>
<arg>json=${payload}</arg>
<arg>headers=${HEADERS}</arg>
<arg>expected_status=any</arg>
<doc>Sends a POST request.</doc>
<msg timestamp="20210905 20:02:33.477" level="INFO">POST Request : url=http://marvel.qaninja.academy/characters 
 path_url=/characters 
 headers={'User-Agent': 'python-requests/2.26.0', 'Accept-Encoding': 'gzip, deflate', 'Accept': '*/*', 'Connection': 'keep-alive', 'client_key': '6132c2ed6af31f00169d49a6', 'Content-Length': '123', 'Content-Type': 'application/json'} 
 body=b'{"name": "Logan", "age": 100, "aliases": "Wolwerine", "team": "Xman", "active": false, "owner": "6132c2ed6af31f00169d49a6"}' 
 </msg>
<msg timestamp="20210905 20:02:33.477" level="INFO">POST Response : url=http://marvel.qaninja.academy/characters 
 status=200, reason=OK 
 headers={'Server': 'Cowboy', 'Connection': 'keep-alive', 'X-Powered-By': 'Express', 'Access-Control-Allow-Origin': '*', 'Content-Type': 'application/json; charset=utf-8', 'Content-Length': '145', 'Etag': 'W/"91-ORcodG6Ll9KV5V/2WunZdZpP2ts"', 'Date': 'Sun, 05 Sep 2021 23:02:33 GMT', 'Via': '1.1 vegur'} 
 body={"_id":"61354c89ca5c82001601d54b","name":"Logan","age":100,"aliases":"Wolwerine","team":"Xman","active":false,"owner":"6132c2ed6af31f00169d49a6"} 
 </msg>
<msg timestamp="20210905 20:02:33.477" level="INFO">${response} = &lt;Response [200]&gt;</msg>
<status status="PASS" starttime="20210905 20:02:33.232" endtime="20210905 20:02:33.477"/>
</kw>
<msg timestamp="20210905 20:02:33.482" level="INFO">${logan} = &lt;Response [200]&gt;</msg>
<status status="PASS" starttime="20210905 20:02:33.230" endtime="20210905 20:02:33.482"/>
</kw>
<kw name="Set Variable" library="BuiltIn">
<var>${logan_id}</var>
<arg>${logan.json()}[_id]</arg>
<doc>Returns the given values which can then be assigned to a variables.</doc>
<msg timestamp="20210905 20:02:33.490" level="INFO">${logan_id} = 61354c89ca5c82001601d54b</msg>
<status status="PASS" starttime="20210905 20:02:33.486" endtime="20210905 20:02:33.490"/>
</kw>
<kw name="GET Characters By ID" library="Characters">
<var>${response}</var>
<arg>${logan_id}</arg>
<kw name="GET" library="RequestsLibrary">
<var>${response}</var>
<arg>${BASE_URI}/characters/${character_id}</arg>
<arg>headers=${HEADERS}</arg>
<arg>expected_status=any</arg>
<doc>Sends a GET request.</doc>
<msg timestamp="20210905 20:02:33.731" level="INFO">GET Request : url=http://marvel.qaninja.academy/characters/61354c89ca5c82001601d54b 
 path_url=/characters/61354c89ca5c82001601d54b 
 headers={'User-Agent': 'python-requests/2.26.0', 'Accept-Encoding': 'gzip, deflate', 'Accept': '*/*', 'Connection': 'keep-alive', 'client_key': '6132c2ed6af31f00169d49a6'} 
 body=None 
 </msg>
<msg timestamp="20210905 20:02:33.732" level="INFO">GET Response : url=http://marvel.qaninja.academy/characters/61354c89ca5c82001601d54b 
 status=200, reason=OK 
 headers={'Server': 'Cowboy', 'Connection': 'keep-alive', 'X-Powered-By': 'Express', 'Access-Control-Allow-Origin': '*', 'Content-Type': 'application/json; charset=utf-8', 'Content-Length': '145', 'Etag': 'W/"91-ORcodG6Ll9KV5V/2WunZdZpP2ts"', 'Date': 'Sun, 05 Sep 2021 23:02:34 GMT', 'Via': '1.1 vegur'} 
 body={"_id":"61354c89ca5c82001601d54b","name":"Logan","age":100,"aliases":"Wolwerine","team":"Xman","active":false,"owner":"6132c2ed6af31f00169d49a6"} 
 </msg>
<msg timestamp="20210905 20:02:33.732" level="INFO">${response} = &lt;Response [200]&gt;</msg>
<status status="PASS" starttime="20210905 20:02:33.495" endtime="20210905 20:02:33.732"/>
</kw>
<msg timestamp="20210905 20:02:33.736" level="INFO">${response} = &lt;Response [200]&gt;</msg>
<status status="PASS" starttime="20210905 20:02:33.493" endtime="20210905 20:02:33.736"/>
</kw>
<kw name="Status Should Be" library="RequestsLibrary">
<arg>200</arg>
<arg>${response}</arg>
<doc>Fails if response status code is different than the expected.</doc>
<status status="PASS" starttime="20210905 20:02:33.739" endtime="20210905 20:02:33.740"/>
</kw>
<kw name="Should Be Equal" library="BuiltIn">
<arg>${logan.json()}[name]</arg>
<arg>${personagem}[name]</arg>
<doc>Fails if the given objects are unequal.</doc>
<status status="PASS" starttime="20210905 20:02:33.742" endtime="20210905 20:02:33.744"/>
</kw>
<kw name="Should Be Equal" library="BuiltIn">
<arg>${logan.json()}[age]</arg>
<arg>${personagem}[age]</arg>
<doc>Fails if the given objects are unequal.</doc>
<status status="PASS" starttime="20210905 20:02:33.746" endtime="20210905 20:02:33.749"/>
</kw>
<kw name="Should Be Equal" library="BuiltIn">
<arg>${logan.json()}[aliases]</arg>
<arg>${personagem}[aliases]</arg>
<doc>Fails if the given objects are unequal.</doc>
<status status="PASS" starttime="20210905 20:02:33.750" endtime="20210905 20:02:33.753"/>
</kw>
<kw name="Should Be Equal" library="BuiltIn">
<arg>${logan.json()}[team]</arg>
<arg>${personagem}[team]</arg>
<doc>Fails if the given objects are unequal.</doc>
<status status="PASS" starttime="20210905 20:02:33.754" endtime="20210905 20:02:33.757"/>
</kw>
<kw name="Should Be Equal" library="BuiltIn">
<arg>${logan.json()}[active]</arg>
<arg>${personagem}[active]</arg>
<doc>Fails if the given objects are unequal.</doc>
<status status="PASS" starttime="20210905 20:02:33.759" endtime="20210905 20:02:33.762"/>
</kw>
<kw name="Should Be Equal" library="BuiltIn">
<arg>${logan.json()}[owner]</arg>
<arg>${personagem}[owner]</arg>
<doc>Fails if the given objects are unequal.</doc>
<status status="PASS" starttime="20210905 20:02:33.763" endtime="20210905 20:02:33.765"/>
</kw>
<status status="PASS" starttime="20210905 20:02:33.225" endtime="20210905 20:02:33.767"/>
</test>
<test id="s1-s3-t2" name="Não Deve retornar o personagem pelo ID">
<kw name="Get Unique Id" library="Helpers">
<var>${personagem_id}</var>
<msg timestamp="20210905 20:02:33.786" level="INFO">${personagem_id} = 61354c8994e23f18c8557dfd</msg>
<status status="PASS" starttime="20210905 20:02:33.784" endtime="20210905 20:02:33.786"/>
</kw>
<kw name="GET Characters By ID" library="Characters">
<var>${response}</var>
<arg>${personagem_id}</arg>
<kw name="GET" library="RequestsLibrary">
<var>${response}</var>
<arg>${BASE_URI}/characters/${character_id}</arg>
<arg>headers=${HEADERS}</arg>
<arg>expected_status=any</arg>
<doc>Sends a GET request.</doc>
<msg timestamp="20210905 20:02:34.030" level="INFO">GET Request : url=http://marvel.qaninja.academy/characters/61354c8994e23f18c8557dfd 
 path_url=/characters/61354c8994e23f18c8557dfd 
 headers={'User-Agent': 'python-requests/2.26.0', 'Accept-Encoding': 'gzip, deflate', 'Accept': '*/*', 'Connection': 'keep-alive', 'client_key': '6132c2ed6af31f00169d49a6'} 
 body=None 
 </msg>
<msg timestamp="20210905 20:02:34.030" level="INFO">GET Response : url=http://marvel.qaninja.academy/characters/61354c8994e23f18c8557dfd 
 status=404, reason=Not Found 
 headers={'Server': 'Cowboy', 'Connection': 'keep-alive', 'X-Powered-By': 'Express', 'Access-Control-Allow-Origin': '*', 'Date': 'Sun, 05 Sep 2021 23:02:34 GMT', 'Content-Length': '0', 'Via': '1.1 vegur'} 
 body=None 
 </msg>
<msg timestamp="20210905 20:02:34.030" level="INFO">${response} = &lt;Response [404]&gt;</msg>
<status status="PASS" starttime="20210905 20:02:33.792" endtime="20210905 20:02:34.030"/>
</kw>
<msg timestamp="20210905 20:02:34.033" level="INFO">${response} = &lt;Response [404]&gt;</msg>
<status status="PASS" starttime="20210905 20:02:33.790" endtime="20210905 20:02:34.033"/>
</kw>
<kw name="Status Should Be" library="RequestsLibrary">
<arg>404</arg>
<arg>${response}</arg>
<doc>Fails if response status code is different than the expected.</doc>
<status status="PASS" starttime="20210905 20:02:34.037" endtime="20210905 20:02:34.038"/>
</kw>
<status status="PASS" starttime="20210905 20:02:33.782" endtime="20210905 20:02:34.040"/>
</test>
<doc>Suite de Testes de busca na API Marvel</doc>
<status status="PASS" starttime="20210905 20:02:32.654" endtime="20210905 20:02:34.057"/>
</suite>
<status status="PASS" starttime="20210905 20:02:29.400" endtime="20210905 20:02:34.078"/>
</suite>
<statistics>
<total>
<stat pass="6" fail="0" skip="0">All Tests</stat>
</total>
<tag>
</tag>
<suite>
<stat pass="6" fail="0" skip="0" id="s1" name="Specs">Specs</stat>
<stat pass="2" fail="0" skip="0" id="s1-s1" name="CreateCharacters">Specs.CreateCharacters</stat>
<stat pass="2" fail="0" skip="0" id="s1-s2" name="RemoveCharacters">Specs.RemoveCharacters</stat>
<stat pass="2" fail="0" skip="0" id="s1-s3" name="SearchCharacters">Specs.SearchCharacters</stat>
</suite>
</statistics>
<errors>
</errors>
</robot>
